<?xml version="1.0" encoding="UTF-8"?>
<coverage generated="1590394188852" clover="3.2.0">
  <project timestamp="1590394188852" name="All files">
    <metrics statements="12" coveredstatements="2" conditionals="6" coveredconditionals="1" methods="3" coveredmethods="1" elements="21" coveredelements="4" complexity="0" loc="12" ncloc="12" packages="1" files="3" classes="3"/>
    <file name="App.js" path="/Users/dino.pereira/projects/react-boilerplate-master/react-boilerplate/src/App.js">
      <metrics statements="2" coveredstatements="2" conditionals="2" coveredconditionals="1" methods="1" coveredmethods="1"/>
      <line num="4" count="1" type="stmt"/>
      <line num="5" count="1" type="stmt"/>
    </file>
    <file name="DefaultErrorBoundary.js" path="/Users/dino.pereira/projects/react-boilerplate-master/react-boilerplate/src/DefaultErrorBoundary.js">
      <metrics statements="6" coveredstatements="0" conditionals="2" coveredconditionals="0" methods="2" coveredmethods="0"/>
      <line num="5" count="0" type="stmt"/>
      <line num="9" count="0" type="stmt"/>
      <line num="14" count="0" type="stmt"/>
      <line num="18" count="0" type="stmt"/>
      <line num="19" count="0" type="stmt"/>
      <line num="21" count="0" type="cond" truecount="0" falsecount="2"/>
    </file>
    <file name="index.js" path="/Users/dino.pereira/projects/react-boilerplate-master/react-boilerplate/src/index.js">
      <metrics statements="4" coveredstatements="0" conditionals="2" coveredconditionals="0" methods="0" coveredmethods="0"/>
      <line num="8" count="0" type="cond" truecount="0" falsecount="2"/>
      <line num="9" count="0" type="stmt"/>
      <line num="10" count="0" type="stmt"/>
      <line num="13" count="0" type="stmt"/>
    </file>
  </project>
</coverage>
