{"/Users/dino.pereira/projects/react-boilerplate-master/react-boilerplate/src/App.js": {"path":"/Users/dino.pereira/projects/react-boilerplate-master/react-boilerplate/src/App.js","statementMap":{"0":{"start":{"line":5,"column":12},"end":{"line":7,"column":1}},"1":{"start":{"line":6,"column":4},"end":{"line":6,"column":36}}},"fnMap":{"0":{"name":"(anonymous_0)","decl":{"start":{"line":5,"column":12},"end":{"line":5,"column":13}},"loc":{"start":{"line":5,"column":18},"end":{"line":7,"column":1}},"line":5}},"branchMap":{"0":{"loc":{"start":{"line":9,"column":15},"end":{"line":9,"column":42}},"type":"cond-expr","locations":[{"start":{"line":9,"column":28},"end":{"line":9,"column":36}},{"start":{"line":9,"column":39},"end":{"line":9,"column":42}}],"line":9}},"s":{"0":1,"1":1},"f":{"0":1},"b":{"0":[0,1]},"_coverageSchema":"1a1c01bbd47fc00a2c39e90264f33305004495a9","hash":"da3e5261c5abb925db85e7c3971657945e6b4443"}
,"/Users/dino.pereira/projects/react-boilerplate-master/react-boilerplate/src/DefaultErrorBoundary.js": {"path":"/Users/dino.pereira/projects/react-boilerplate-master/react-boilerplate/src/DefaultErrorBoundary.js","statementMap":{"0":{"start":{"line":5,"column":12},"end":{"line":7,"column":5}},"1":{"start":{"line":9,"column":23},"end":{"line":11,"column":5}},"2":{"start":{"line":14,"column":8},"end":{"line":14,"column":33}},"3":{"start":{"line":18,"column":28},"end":{"line":18,"column":38}},"4":{"start":{"line":19,"column":29},"end":{"line":19,"column":39}},"5":{"start":{"line":21,"column":8},"end":{"line":21,"column":69}}},"fnMap":{"0":{"name":"(anonymous_0)","decl":{"start":{"line":13,"column":4},"end":{"line":13,"column":5}},"loc":{"start":{"line":13,"column":38},"end":{"line":15,"column":5}},"line":13},"1":{"name":"(anonymous_1)","decl":{"start":{"line":17,"column":4},"end":{"line":17,"column":5}},"loc":{"start":{"line":17,"column":13},"end":{"line":22,"column":5}},"line":17}},"branchMap":{"0":{"loc":{"start":{"line":21,"column":15},"end":{"line":21,"column":68}},"type":"cond-expr","locations":[{"start":{"line":21,"column":25},"end":{"line":21,"column":57}},{"start":{"line":21,"column":60},"end":{"line":21,"column":68}}],"line":21}},"s":{"0":0,"1":0,"2":0,"3":0,"4":0,"5":0},"f":{"0":0,"1":0},"b":{"0":[0,0]}}
,"/Users/dino.pereira/projects/react-boilerplate-master/react-boilerplate/src/index.js": {"path":"/Users/dino.pereira/projects/react-boilerplate-master/react-boilerplate/src/index.js","statementMap":{"0":{"start":{"line":8,"column":0},"end":{"line":11,"column":1}},"1":{"start":{"line":9,"column":16},"end":{"line":9,"column":36}},"2":{"start":{"line":10,"column":4},"end":{"line":10,"column":31}},"3":{"start":{"line":13,"column":0},"end":{"line":20,"column":2}}},"fnMap":{},"branchMap":{"0":{"loc":{"start":{"line":8,"column":0},"end":{"line":11,"column":1}},"type":"if","locations":[{"start":{"line":8,"column":0},"end":{"line":11,"column":1}},{"start":{"line":8,"column":0},"end":{"line":11,"column":1}}],"line":8}},"s":{"0":0,"1":0,"2":0,"3":0},"f":{},"b":{"0":[0,0]}}
}
